<?xml version="1.0" encoding="UTF-8"?>
<!-- Generated by org.testng.reporters.JUnitReportReporter -->
<testsuite skipped="0" hostname="DESKTOP-O4P0LEM" name="org.tcs.Testng" tests="2" failures="0" timestamp="14 Jun 2021 14:44:21 GMT" time="0.968" errors="0">
  <testcase name="tc1" time="0.566" classname="org.tcs.Testng"/>
  <testcase name="tc0" time="0.402" classname="org.tcs.Testng"/>
</testsuite> <!-- org.tcs.Testng -->
