<?xml version="1.0" encoding="UTF-8"?>
<!-- Generated by org.testng.reporters.JUnitReportReporter -->
<testsuite skipped="0" hostname="DESKTOP-O4P0LEM" name="org.tcs.Grp" tests="2" failures="0" timestamp="18 Jun 2021 17:04:09 GMT" time="0.021" errors="0">
  <testcase name="tc03" time="0.002" classname="org.tcs.Grp"/>
  <testcase name="tc01" time="0.019" classname="org.tcs.Grp"/>
</testsuite> <!-- org.tcs.Grp -->
