<?xml version="1.0" encoding="UTF-8"?>
<!-- Generated by org.testng.reporters.JUnitReportReporter -->
<testsuite skipped="0" hostname="DESKTOP-O4P0LEM" name="org.tcs.Grp2" tests="4" failures="0" timestamp="18 Jun 2021 17:15:35 GMT" time="0.024" errors="0">
  <testcase name="tc04" time="0.002" classname="org.tcs.Grp2"/>
  <testcase name="tc02" time="0.002" classname="org.tcs.Grp2"/>
  <testcase name="tc01" time="0.018" classname="org.tcs.Grp2"/>
  <testcase name="tc03" time="0.002" classname="org.tcs.Grp2"/>
</testsuite> <!-- org.tcs.Grp2 -->
