<?xml version="1.0" encoding="UTF-8"?>
<!-- Generated by org.testng.reporters.JUnitReportReporter -->
<testsuite skipped="0" hostname="DESKTOP-O4P0LEM" name="org.tcs.Provider3" tests="3" failures="0" timestamp="17 Jun 2021 07:47:21 GMT" time="0.023" errors="0">
  <testcase name="tc0" time="0.019" classname="org.tcs.Provider3"/>
  <testcase name="tc0" time="0.002" classname="org.tcs.Provider3"/>
  <testcase name="tc0" time="0.002" classname="org.tcs.Provider3"/>
</testsuite> <!-- org.tcs.Provider3 -->
