<?xml version="1.0" encoding="UTF-8"?>
<!-- Generated by org.testng.reporters.JUnitReportReporter -->
<testsuite skipped="0" hostname="DESKTOP-O4P0LEM" name="org.tcs.TestSuit1" tests="4" failures="0" timestamp="14 Jun 2021 14:36:20 GMT" time="0.020" errors="0">
  <testcase name="tc1" time="0.002" classname="org.tcs.TestSuit1"/>
  <testcase name="tc2" time="0.002" classname="org.tcs.TestSuit1"/>
  <testcase name="tc3" time="0.001" classname="org.tcs.TestSuit1"/>
  <testcase name="tc0" time="0.015" classname="org.tcs.TestSuit1"/>
</testsuite> <!-- org.tcs.TestSuit1 -->
