<?xml version="1.0" encoding="UTF-8"?>
<!-- Generated by org.testng.reporters.JUnitReportReporter -->
<testsuite skipped="1" hostname="DESKTOP-O4P0LEM" name="org.tcs.Tetng" tests="8" failures="0" timestamp="14 Jun 2021 13:28:30 GMT" time="0.038" errors="0">
  <testcase name="tc0" time="0.016" classname="org.tcs.Tetng"/>
  <testcase name="tc3" time="0.000" classname="org.tcs.Tetng"/>
  <testcase name="tc3" time="0.005" classname="org.tcs.Tetng"/>
  <testcase name="tc3" time="0.005" classname="org.tcs.Tetng"/>
  <testcase name="tc3" time="0.001" classname="org.tcs.Tetng"/>
  <testcase name="tc1" time="0.000" classname="org.tcs.Tetng"/>
  <testcase name="tc2" time="0.011" classname="org.tcs.Tetng"/>
  <testcase name="tc4" classname="org.tcs.Tetng">
    <skipped/>
  </testcase> <!-- tc4 -->
</testsuite> <!-- org.tcs.Tetng -->
