<?xml version="1.0" encoding="UTF-8"?>
<!-- Generated by org.testng.reporters.JUnitReportReporter -->
<testsuite skipped="0" hostname="DESKTOP-O4P0LEM" name="org.tcs.TestSuit2" tests="3" failures="0" timestamp="14 Jun 2021 13:34:56 GMT" time="0.000" errors="0">
  <testcase name="tc10" time="0.000" classname="org.tcs.TestSuit2"/>
  <testcase name="tc11" time="0.000" classname="org.tcs.TestSuit2"/>
  <testcase name="tc12" time="0.000" classname="org.tcs.TestSuit2"/>
</testsuite> <!-- org.tcs.TestSuit2 -->
