<?xml version="1.0" encoding="UTF-8"?>
<!-- Generated by org.testng.reporters.JUnitReportReporter -->
<testsuite skipped="0" hostname="DESKTOP-O4P0LEM" name="org.tcs.HardAssert" tests="2" failures="0" timestamp="17 Jun 2021 07:47:33 GMT" time="0.038" errors="0">
  <testcase name="tc9" time="0.002" classname="org.tcs.HardAssert"/>
  <testcase name="tc0" time="0.036" classname="org.tcs.HardAssert"/>
</testsuite> <!-- org.tcs.HardAssert -->
