<?xml version="1.0" encoding="UTF-8"?>
<!-- Generated by org.testng.reporters.JUnitReportReporter -->
<testsuite skipped="0" hostname="DESKTOP-O4P0LEM" name="org.tcs.Provider" tests="3" failures="0" timestamp="16 Jun 2021 07:20:09 GMT" time="0.012" errors="0">
  <testcase name="tc0" time="0.010" classname="org.tcs.Provider"/>
  <testcase name="tc0" time="0.000" classname="org.tcs.Provider"/>
  <testcase name="tc0" time="0.002" classname="org.tcs.Provider"/>
</testsuite> <!-- org.tcs.Provider -->
